{
  "id": 47034313,
  "name": "build_GitRepo",
  "full_name": "dd31530/build_GitRepo",
  "owner": {
    "login": "dd31530",
    "id": 16004490,
    "avatar_url": "https://avatars.githubusercontent.com/u/16004490?v=3",
    "gravatar_id": "",
    "url": "https://api.github.com/users/dd31530",
    "html_url": "https://github.com/dd31530",
    "followers_url": "https://api.github.com/users/dd31530/followers",
    "following_url": "https://api.github.com/users/dd31530/following{/other_user}",
    "gists_url": "https://api.github.com/users/dd31530/gists{/gist_id}",
    "starred_url": "https://api.github.com/users/dd31530/starred{/owner}{/repo}",
    "subscriptions_url": "https://api.github.com/users/dd31530/subscriptions",
    "organizations_url": "https://api.github.com/users/dd31530/orgs",
    "repos_url": "https://api.github.com/users/dd31530/repos",
    "events_url": "https://api.github.com/users/dd31530/events{/privacy}",
    "received_events_url": "https://api.github.com/users/dd31530/received_events",
    "type": "User",
    "site_admin": false
  },
  "private": false,
  "html_url": "https://github.com/dd31530/build_GitRepo",
  "description": null,
  "fork": false,
  "url": "https://api.github.com/repos/dd31530/build_GitRepo",
  "forks_url": "https://api.github.com/repos/dd31530/build_GitRepo/forks",
  "keys_url": "https://api.github.com/repos/dd31530/build_GitRepo/keys{/key_id}",
  "collaborators_url": "https://api.github.com/repos/dd31530/build_GitRepo/collaborators{/collaborator}",
  "teams_url": "https://api.github.com/repos/dd31530/build_GitRepo/teams",
  "hooks_url": "https://api.github.com/repos/dd31530/build_GitRepo/hooks",
  "issue_events_url": "https://api.github.com/repos/dd31530/build_GitRepo/issues/events{/number}",
  "events_url": "https://api.github.com/repos/dd31530/build_GitRepo/events",
  "assignees_url": "https://api.github.com/repos/dd31530/build_GitRepo/assignees{/user}",
  "branches_url": "https://api.github.com/repos/dd31530/build_GitRepo/branches{/branch}",
  "tags_url": "https://api.github.com/repos/dd31530/build_GitRepo/tags",
  "blobs_url": "https://api.github.com/repos/dd31530/build_GitRepo/git/blobs{/sha}",
  "git_tags_url": "https://api.github.com/repos/dd31530/build_GitRepo/git/tags{/sha}",
  "git_refs_url": "https://api.github.com/repos/dd31530/build_GitRepo/git/refs{/sha}",
  "trees_url": "https://api.github.com/repos/dd31530/build_GitRepo/git/trees{/sha}",
  "statuses_url": "https://api.github.com/repos/dd31530/build_GitRepo/statuses/{sha}",
  "languages_url": "https://api.github.com/repos/dd31530/build_GitRepo/languages",
  "stargazers_url": "https://api.github.com/repos/dd31530/build_GitRepo/stargazers",
  "contributors_url": "https://api.github.com/repos/dd31530/build_GitRepo/contributors",
  "subscribers_url": "https://api.github.com/repos/dd31530/build_GitRepo/subscribers",
  "subscription_url": "https://api.github.com/repos/dd31530/build_GitRepo/subscription",
  "commits_url": "https://api.github.com/repos/dd31530/build_GitRepo/commits{/sha}",
  "git_commits_url": "https://api.github.com/repos/dd31530/build_GitRepo/git/commits{/sha}",
  "comments_url": "https://api.github.com/repos/dd31530/build_GitRepo/comments{/number}",
  "issue_comment_url": "https://api.github.com/repos/dd31530/build_GitRepo/issues/comments{/number}",
  "contents_url": "https://api.github.com/repos/dd31530/build_GitRepo/contents/{+path}",
  "compare_url": "https://api.github.com/repos/dd31530/build_GitRepo/compare/{base}...{head}",
  "merges_url": "https://api.github.com/repos/dd31530/build_GitRepo/merges",
  "archive_url": "https://api.github.com/repos/dd31530/build_GitRepo/{archive_format}{/ref}",
  "downloads_url": "https://api.github.com/repos/dd31530/build_GitRepo/downloads",
  "issues_url": "https://api.github.com/repos/dd31530/build_GitRepo/issues{/number}",
  "pulls_url": "https://api.github.com/repos/dd31530/build_GitRepo/pulls{/number}",
  "milestones_url": "https://api.github.com/repos/dd31530/build_GitRepo/milestones{/number}",
  "notifications_url": "https://api.github.com/repos/dd31530/build_GitRepo/notifications{?since,all,participating}",
  "labels_url": "https://api.github.com/repos/dd31530/build_GitRepo/labels{/name}",
  "releases_url": "https://api.github.com/repos/dd31530/build_GitRepo/releases{/id}",
  "created_at": "2015-11-28T18:11:00Z",
  "updated_at": "2015-11-28T18:11:00Z",
  "pushed_at": "2015-11-28T18:11:00Z",
  "git_url": "git://github.com/dd31530/build_GitRepo.git",
  "ssh_url": "git@github.com:dd31530/build_GitRepo.git",
  "clone_url": "https://github.com/dd31530/build_GitRepo.git",
  "svn_url": "https://github.com/dd31530/build_GitRepo",
  "homepage": null,
  "size": 0,
  "stargazers_count": 0,
  "watchers_count": 0,
  "language": null,
  "has_issues": true,
  "has_downloads": true,
  "has_wiki": true,
  "has_pages": false,
  "forks_count": 0,
  "mirror_url": null,
  "open_issues_count": 0,
  "forks": 0,
  "open_issues": 0,
  "watchers": 0,
  "default_branch": "master",
  "permissions": {
    "admin": true,
    "push": true,
    "pull": true
  },
  "network_count": 0,
  "subscribers_count": 1
}
